app/build/intermediates/manifest_merge_blame_file/debug/manifest-merger-blame-debug-report.txt
1<?xml version="1.0" encoding="utf-8"?>
2<manifest xmlns:android="http://schemas.android.com/apk/res/android"
3    package="com.example.holamundo"
4    android:versionCode="1"
5    android:versionName="1.0" >
6
7    <uses-sdk
8        android:minSdkVersion="21"
8-->src\main\AndroidManifest.xml
9        android:targetSdkVersion="33" />
9-->src\main\AndroidManifest.xml
10
11    <uses-permission android:name="android.permission.INTERNET" />
11-->src\main\AndroidManifest.xml:5:5-67
11-->src\main\AndroidManifest.xml:5:22-64
12
13    <uses-feature
13-->src\main\AndroidManifest.xml:7:5-9:36
14        android:name="android.hardware.touchscreen"
14-->src\main\AndroidManifest.xml:8:9-52
15        android:required="false" />
15-->src\main\AndroidManifest.xml:9:9-33
16    <uses-feature
16-->src\main\AndroidManifest.xml:10:5-12:35
17        android:name="android.software.leanback"
17-->src\main\AndroidManifest.xml:11:9-49
18        android:required="true" />
18-->src\main\AndroidManifest.xml:12:9-32
19
20    <application
20-->src\main\AndroidManifest.xml:14:5-33:19
21        android:allowBackup="true"
21-->src\main\AndroidManifest.xml:15:9-35
22        android:appComponentFactory="androidx.core.app.CoreComponentFactory"
22-->[androidx.core:core:1.8.0] AndroidManifest.xml:24:18-86
23        android:debuggable="true"
24        android:icon="@mipmap/ic_launcher"
24-->src\main\AndroidManifest.xml:16:9-43
25        android:label="@string/app_name"
25-->src\main\AndroidManifest.xml:17:9-41
26        android:supportsRtl="true"
26-->src\main\AndroidManifest.xml:18:9-35
27        android:testOnly="true"
28        android:theme="@style/Theme.HolaMundo" >
28-->src\main\AndroidManifest.xml:19:9-47
29        <activity
29-->src\main\AndroidManifest.xml:20:9-32:20
30            android:name="com.example.holamundo.MainActivity"
30-->src\main\AndroidManifest.xml:21:13-41
31            android:banner="@drawable/app_icon_your_company"
31-->src\main\AndroidManifest.xml:22:13-61
32            android:exported="true"
32-->src\main\AndroidManifest.xml:23:13-36
33            android:label="@string/app_name"
33-->src\main\AndroidManifest.xml:24:13-45
34            android:logo="@drawable/app_icon_your_company"
34-->src\main\AndroidManifest.xml:25:13-59
35            android:screenOrientation="landscape" >
35-->src\main\AndroidManifest.xml:26:13-50
36            <intent-filter>
36-->src\main\AndroidManifest.xml:27:13-31:29
37                <action android:name="android.intent.action.MAIN" />
37-->src\main\AndroidManifest.xml:28:17-69
37-->src\main\AndroidManifest.xml:28:25-66
38
39                <category android:name="android.intent.category.LEANBACK_LAUNCHER" />
39-->src\main\AndroidManifest.xml:30:17-86
39-->src\main\AndroidManifest.xml:30:27-83
40            </intent-filter>
41        </activity>
42    </application>
43
44</manifest>